<?xml version="1.0" encoding="UTF-8"?>
<!-- Generated by org.testng.reporters.JUnitReportReporter -->
<testsuite hostname="cdc2-l-c2jlb54" failures="0" tests="1" name="test.HelloWorld" time="0.011" errors="0" timestamp="2025-08-15T15:00:43 IST" skipped="0">
  <testcase classname="test.HelloWorld" name="printHello" time="0.011"/>
</testsuite> <!-- test.HelloWorld -->
